<?xml version="1.0" encoding="utf-8"?><testsuites name="pytest tests"><testsuite name="pytest" errors="0" failures="0" skipped="0" tests="25" time="7.271" timestamp="2026-05-18T20:17:08.478681+00:00" hostname="agent-env-b383fb89-5d55-44ec-b88f-1b998b464392"><testcase classname="backend.tests.test_email_accounts.TestOldOAuthRemoved" name="test_old_get_endpoints_removed[/integrations/google/auth-url]" time="0.521" /><testcase classname="backend.tests.test_email_accounts.TestOldOAuthRemoved" name="test_old_get_endpoints_removed[/integrations/google/callback]" time="0.050" /><testcase classname="backend.tests.test_email_accounts.TestOldOAuthRemoved" name="test_old_get_endpoints_removed[/integrations/google/status]" time="0.051" /><testcase classname="backend.tests.test_email_accounts.TestOldOAuthRemoved" name="test_old_get_endpoints_removed[/integrations/microsoft/auth-url]" time="0.047" /><testcase classname="backend.tests.test_email_accounts.TestOldOAuthRemoved" name="test_old_get_endpoints_removed[/integrations/microsoft/callback]" time="0.048" /><testcase classname="backend.tests.test_email_accounts.TestOldOAuthRemoved" name="test_old_post_endpoints_removed[/integrations/google/gmail/send]" time="0.062" /><testcase classname="backend.tests.test_email_accounts.TestOldOAuthRemoved" name="test_old_post_endpoints_removed[/integrations/google/gmail/sync-leads]" time="0.044" /><testcase classname="backend.tests.test_email_accounts.TestOldOAuthRemoved" name="test_old_post_endpoints_removed[/integrations/google/drive/upload]" time="0.046" /><testcase classname="backend.tests.test_email_accounts.TestOldOAuthRemoved" name="test_old_post_endpoints_removed[/integrations/microsoft/mail/send]" time="0.046" /><testcase classname="backend.tests.test_email_accounts.TestOldOAuthRemoved" name="test_old_post_endpoints_removed[/integrations/microsoft/mail/sync-leads]" time="0.045" /><testcase classname="backend.tests.test_email_accounts.TestIntegrationsSettings" name="test_get_integrations_admin" time="0.049" /><testcase classname="backend.tests.test_email_accounts.TestIntegrationsSettings" name="test_put_drops_legacy_google_fields" time="0.053" /><testcase classname="backend.tests.test_email_accounts.TestEmailAccountsAuth" name="test_post_requires_auth" time="0.046" /><testcase classname="backend.tests.test_email_accounts.TestEmailAccountsAuth" name="test_get_requires_auth" time="0.046" /><testcase classname="backend.tests.test_email_accounts.TestEmailAccountsCRUD" name="test_initial_list_empty_or_array" time="0.046" /><testcase classname="backend.tests.test_email_accounts.TestEmailAccountsCRUD" name="test_add_bad_gmail_credentials_returns_400" time="0.221" /><testcase classname="backend.tests.test_email_accounts.TestEmailAccountsCRUD" name="test_outlook_provider_autodetect" time="5.269" /><testcase classname="backend.tests.test_email_accounts.TestNonexistentAccountReturns404" name="test_delete_404" time="0.049" /><testcase classname="backend.tests.test_email_accounts.TestNonexistentAccountReturns404" name="test_test_404" time="0.047" /><testcase classname="backend.tests.test_email_accounts.TestNonexistentAccountReturns404" name="test_default_404" time="0.049" /><testcase classname="backend.tests.test_email_accounts.TestNonexistentAccountReturns404" name="test_inbox_404" time="0.052" /><testcase classname="backend.tests.test_email_accounts.TestNonexistentAccountReturns404" name="test_sync_one_404" time="0.049" /><testcase classname="backend.tests.test_email_accounts.TestSendAndSyncWithNoAccount" name="test_email_send_no_account_400" time="0.098" /><testcase classname="backend.tests.test_email_accounts.TestSendAndSyncWithNoAccount" name="test_email_sync_leads_no_accounts_400" time="0.095" /><testcase classname="backend.tests.test_email_accounts.TestPersistedSettingsClean" name="test_get_after_put_has_no_legacy_keys" time="0.045" /></testsuite></testsuites>