<?xml version="1.0" encoding="utf-8"?><testsuites name="pytest tests"><testsuite name="pytest" errors="0" failures="0" skipped="0" tests="26" time="4.840" timestamp="2026-05-18T19:06:50.831928+00:00" hostname="agent-env-b383fb89-5d55-44ec-b88f-1b998b464392"><testcase classname="backend.tests.test_denplex_integrations.TestAuthAndRegression" name="test_admin_login_returns_jwt" time="1.025" /><testcase classname="backend.tests.test_denplex_integrations.TestAuthAndRegression" name="test_dashboard_stats" time="0.055" /><testcase classname="backend.tests.test_denplex_integrations.TestAuthAndRegression" name="test_customers_list" time="0.057" /><testcase classname="backend.tests.test_denplex_integrations.TestAuthAndRegression" name="test_invoices_list" time="0.052" /><testcase classname="backend.tests.test_denplex_integrations.TestAuthAndRegression" name="test_inventory_items_list" time="0.050" /><testcase classname="backend.tests.test_denplex_integrations.TestSettingsIntegrationsNewFields" name="test_get_requires_admin" time="0.055" /><testcase classname="backend.tests.test_denplex_integrations.TestSettingsIntegrationsNewFields" name="test_non_admin_forbidden" time="0.838" /><testcase classname="backend.tests.test_denplex_integrations.TestSettingsIntegrationsNewFields" name="test_put_persists_google_and_tagline_fields" time="0.158" /><testcase classname="backend.tests.test_denplex_integrations.TestGoogleOAuth" name="test_status_not_connected_initially" time="0.053" /><testcase classname="backend.tests.test_denplex_integrations.TestGoogleOAuth" name="test_auth_url_400_when_not_configured" time="0.153" /><testcase classname="backend.tests.test_denplex_integrations.TestGoogleOAuth" name="test_auth_url_returns_google_url_with_scopes" time="0.203" /><testcase classname="backend.tests.test_denplex_integrations.TestGoogleOAuth" name="test_drive_upload_400_when_not_connected" time="0.055" /><testcase classname="backend.tests.test_denplex_integrations.TestGoogleOAuth" name="test_gmail_send_400_when_not_connected" time="0.060" /><testcase classname="backend.tests.test_denplex_integrations.TestGoogleOAuth" name="test_gmail_sync_leads_400_when_not_connected" time="0.050" /><testcase classname="backend.tests.test_denplex_integrations.TestGoogleOAuth" name="test_drive_backup_doc_400_when_not_connected" time="0.197" /><testcase classname="backend.tests.test_denplex_integrations.TestGoogleOAuth" name="test_disconnect_always_ok" time="0.114" /><testcase classname="backend.tests.test_denplex_integrations.TestGoogleOAuth" name="test_callback_requires_code_and_state" time="0.124" /><testcase classname="backend.tests.test_denplex_integrations.TestGoogleOAuth" name="test_callback_invalid_state_returns_400" time="0.130" /><testcase classname="backend.tests.test_denplex_integrations.TestEmailAccount" name="test_get_initial_no_password" time="0.099" /><testcase classname="backend.tests.test_denplex_integrations.TestEmailAccount" name="test_smtp_send_400_when_not_configured" time="0.106" /><testcase classname="backend.tests.test_denplex_integrations.TestEmailAccount" name="test_imap_sync_leads_400_when_not_configured" time="0.097" /><testcase classname="backend.tests.test_denplex_integrations.TestEmailAccount" name="test_put_email_account_and_password_not_leaked" time="0.101" /><testcase classname="backend.tests.test_denplex_integrations.TestEmailAccount" name="test_delete_email_account_clears" time="0.163" /><testcase classname="backend.tests.test_denplex_integrations.TestBrandedPDFs" name="test_invoice_pdf_branded" time="0.475" /><testcase classname="backend.tests.test_denplex_integrations.TestBrandedPDFs" name="test_quotation_pdf_branded" time="0.097" /><testcase classname="backend.tests.test_denplex_integrations.TestBrandedPDFs" name="test_po_pdf_branded" time="0.198" /></testsuite></testsuites>