<?xml version="1.0" encoding="utf-8"?><testsuites name="pytest tests"><testsuite name="pytest" errors="0" failures="0" skipped="0" tests="32" time="10.909" timestamp="2026-05-18T18:27:26.236979+00:00" hostname="agent-env-b383fb89-5d55-44ec-b88f-1b998b464392"><testcase classname="backend.tests.backend_test.TestAuth" name="test_login_returns_jwt_and_user" time="0.550" /><testcase classname="backend.tests.backend_test.TestAuth" name="test_login_invalid" time="0.282" /><testcase classname="backend.tests.backend_test.TestAuth" name="test_me" time="0.352" /><testcase classname="backend.tests.backend_test.TestAuth" name="test_me_requires_token" time="0.154" /><testcase classname="backend.tests.backend_test.TestAuth" name="test_register_admin_creates_user" time="0.285" /><testcase classname="backend.tests.backend_test.TestAuth" name="test_users_admin_only" time="0.065" /><testcase classname="backend.tests.backend_test.TestCRM" name="test_customer_crud" time="0.300" /><testcase classname="backend.tests.backend_test.TestCRM" name="test_lead_crud" time="0.206" /><testcase classname="backend.tests.backend_test.TestCRM" name="test_supplier_crud" time="0.173" /><testcase classname="backend.tests.backend_test.TestInventory" name="test_item_crud_and_sku_unique" time="0.117" /><testcase classname="backend.tests.backend_test.TestInventory" name="test_stock_movements_update_qty" time="0.354" /><testcase classname="backend.tests.backend_test.TestInventory" name="test_scan_bill_ai" time="5.532" /><testcase classname="backend.tests.backend_test.TestBOM" name="test_create_bom_with_codes" time="0.073" /><testcase classname="backend.tests.backend_test.TestWOJC" name="test_first_wo_keeps_one_time" time="0.126" /><testcase classname="backend.tests.backend_test.TestWOJC" name="test_second_wo_flips_to_repeat" time="0.119" /><testcase classname="backend.tests.backend_test.TestWOJC" name="test_job_card_autofills_wo_code" time="0.070" /><testcase classname="backend.tests.backend_test.TestQuotePO" name="test_quotation_totals" time="0.067" /><testcase classname="backend.tests.backend_test.TestQuotePO" name="test_po_totals" time="0.069" /><testcase classname="backend.tests.backend_test.TestInvoices" name="test_intra_state_invoice" time="0.061" /><testcase classname="backend.tests.backend_test.TestInvoices" name="test_inter_state_invoice" time="0.058" /><testcase classname="backend.tests.backend_test.TestQC" name="test_qc_autofill_and_photos" time="0.070" /><testcase classname="backend.tests.backend_test.TestDocs" name="test_upload_revisions_history" time="0.242" /><testcase classname="backend.tests.backend_test.TestDocs" name="test_doc_delete" time="0.059" /><testcase classname="backend.tests.backend_test.TestAccounting" name="test_expense_totals" time="0.060" /><testcase classname="backend.tests.backend_test.TestAccounting" name="test_gst_report_keys" time="0.059" /><testcase classname="backend.tests.backend_test.TestAccounting" name="test_expense_delete" time="0.057" /><testcase classname="backend.tests.backend_test.TestHR" name="test_employee_and_attendance" time="0.359" /><testcase classname="backend.tests.backend_test.TestMarketing" name="test_campaign_crud" time="0.187" /><testcase classname="backend.tests.backend_test.TestPortal" name="test_track_by_wo_code_public" time="0.154" /><testcase classname="backend.tests.backend_test.TestPortal" name="test_track_by_po_ref" time="0.133" /><testcase classname="backend.tests.backend_test.TestPortal" name="test_track_404" time="0.227" /><testcase classname="backend.tests.backend_test.TestDashboard" name="test_stats" time="0.082" /></testsuite></testsuites>