<?xml version="1.0" encoding="utf-8"?><testsuites name="pytest tests"><testsuite name="pytest" errors="0" failures="0" skipped="0" tests="26" time="5.358" timestamp="2026-05-18T18:45:07.836843+00:00" hostname="agent-env-b383fb89-5d55-44ec-b88f-1b998b464392"><testcase classname="backend.tests.test_p2_integrations.TestSettingsIntegrations" name="test_get_integrations_admin" time="0.713" /><testcase classname="backend.tests.test_p2_integrations.TestSettingsIntegrations" name="test_get_integrations_non_admin_forbidden" time="0.885" /><testcase classname="backend.tests.test_p2_integrations.TestSettingsIntegrations" name="test_put_integrations_saves" time="0.121" /><testcase classname="backend.tests.test_p2_integrations.TestUnconfiguredIntegrations" name="test_whatsapp_not_configured" time="0.058" /><testcase classname="backend.tests.test_p2_integrations.TestUnconfiguredIntegrations" name="test_email_not_configured" time="0.070" /><testcase classname="backend.tests.test_p2_integrations.TestUnconfiguredIntegrations" name="test_indiamart_not_configured" time="0.084" /><testcase classname="backend.tests.test_p2_integrations.TestUnconfiguredIntegrations" name="test_tradeindia_webhook_no_secret" time="0.106" /><testcase classname="backend.tests.test_p2_integrations.TestTradeIndia" name="test_webhook_creates_and_dedupes" time="0.537" /><testcase classname="backend.tests.test_p2_integrations.TestPDFs" name="test_invoice_pdf" time="0.369" /><testcase classname="backend.tests.test_p2_integrations.TestPDFs" name="test_quotation_pdf" time="0.063" /><testcase classname="backend.tests.test_p2_integrations.TestPDFs" name="test_po_pdf" time="0.063" /><testcase classname="backend.tests.test_p2_integrations.TestGSTRCsv" name="test_gstr1_csv" time="0.061" /><testcase classname="backend.tests.test_p2_integrations.TestGSTRCsv" name="test_gstr3b_csv" time="0.059" /><testcase classname="backend.tests.test_p2_integrations.TestTotp2FA" name="test_status_initially_disabled" time="0.096" /><testcase classname="backend.tests.test_p2_integrations.TestTotp2FA" name="test_setup_returns_secret_and_uri" time="0.067" /><testcase classname="backend.tests.test_p2_integrations.TestTotp2FA" name="test_enable_wrong_code_rejected" time="0.070" /><testcase classname="backend.tests.test_p2_integrations.TestTotp2FA" name="test_enable_correct_code" time="0.123" /><testcase classname="backend.tests.test_p2_integrations.TestTotp2FA" name="test_login_without_totp_blocked" time="0.326" /><testcase classname="backend.tests.test_p2_integrations.TestTotp2FA" name="test_login_with_totp_succeeds" time="0.331" /><testcase classname="backend.tests.test_p2_integrations.TestTotp2FA" name="test_disable_2fa" time="0.446" /><testcase classname="backend.tests.test_p2_integrations.TestAuditLog" name="test_audit_admin_lists_2fa_events" time="0.070" /><testcase classname="backend.tests.test_p2_integrations.TestAuditLog" name="test_audit_non_admin_forbidden" time="0.056" /><testcase classname="backend.tests.test_p2_integrations.TestRegression" name="test_dashboard_stats" time="0.069" /><testcase classname="backend.tests.test_p2_integrations.TestRegression" name="test_customers_list" time="0.055" /><testcase classname="backend.tests.test_p2_integrations.TestRegression" name="test_inventory_movement" time="0.199" /><testcase classname="backend.tests.test_p2_integrations.TestRegression" name="test_portal_track_404_public" time="0.189" /></testsuite></testsuites>